#
# There is insufficient memory for the Java Runtime Environment to continue.
# Native memory allocation (malloc) failed to allocate 941696 bytes for Chunk::new
# Possible reasons:
#   The system is out of physical RAM or swap space
#   The process is running with CompressedOops enabled, and the Java Heap may be blocking the growth of the native heap
# Possible solutions:
#   Reduce memory load on the system
#   Increase physical memory or swap space
#   Check if swap backing store is full
#   Decrease Java heap size (-Xmx/-Xms)
#   Decrease number of Java threads
#   Decrease Java thread stack sizes (-Xss)
#   Set larger code cache with -XX:ReservedCodeCacheSize=
#   JVM is running with Unscaled Compressed Oops mode in which the Java heap is
#     placed in the first 4GB address space. The Java Heap base address is the
#     maximum limit for the native heap growth. Please use -XX:HeapBaseMinAddress
#     to set the Java Heap base and to place the Java Heap above 4GB virtual address.
# This output file may be truncated or incomplete.
#
#  Out of Memory Error (allocation.cpp:389), pid=9400, tid=0x0000000000005fa8
#
# JRE version: OpenJDK Runtime Environment (8.0_212-b04) (build 1.8.0_212-release-1586-b04)
# Java VM: OpenJDK 64-Bit Server VM (25.212-b04 mixed mode windows-amd64 compressed oops)
# Failed to write core dump. Minidumps are not enabled by default on client versions of Windows
#

---------------  T H R E A D  ---------------

Current thread (0x00000000166d5000):  JavaThread "C2 CompilerThread1" daemon [_thread_in_native, id=24488, stack(0x0000000017e10000,0x0000000017f10000)]

Stack: [0x0000000017e10000,0x0000000017f10000]
[error occurred during error reporting (printing stack bounds), id 0xc0000005]

Native frames: (J=compiled Java code, j=interpreted, Vv=VM code, C=native code)


Current CompileTask:
C2:  14324 4699   !   4       com.sun.beans.TypeResolver::resolve (274 bytes)


---------------  P R O C E S S  ---------------

Java Threads: ( => current thread )
  0x000000001cb21800 JavaThread "Cache worker for Build Output Cleanup Cache (C:\Users\pc\AndroidStudioProjects\CoronaProject\.gradle\buildOutputCleanup)" [_thread_blocked, id=25272, stack(0x0000000022880000,0x0000000022980000)]
  0x000000001cb23800 JavaThread "Build operations Thread 4" [_thread_blocked, id=24732, stack(0x0000000022580000,0x0000000022680000)]
  0x000000001cb28000 JavaThread "Build operations Thread 3" [_thread_blocked, id=23856, stack(0x0000000022480000,0x0000000022580000)]
  0x000000001cb25000 JavaThread "Build operations Thread 2" [_thread_blocked, id=25524, stack(0x0000000022380000,0x0000000022480000)]
  0x000000001cb27800 JavaThread "Build operations" [_thread_blocked, id=20144, stack(0x0000000021bc0000,0x0000000021cc0000)]
  0x000000001a186800 JavaThread "Cache worker for execution history cache (C:\Users\pc\.gradle\caches\5.6.4\executionHistory)" [_thread_blocked, id=7980, stack(0x00000000204f0000,0x00000000205f0000)]
  0x000000001a18a800 JavaThread "Cache worker for cache directory md-rule (C:\Users\pc\.gradle\caches\5.6.4\md-rule)" [_thread_blocked, id=24044, stack(0x00000000203f0000,0x00000000204f0000)]
  0x000000001a186000 JavaThread "Cache worker for cache directory md-supplier (C:\Users\pc\.gradle\caches\5.6.4\md-supplier)" [_thread_blocked, id=22808, stack(0x000000001e970000,0x000000001ea70000)]
  0x000000001a18b000 JavaThread "Cache worker for file hash cache (C:\Users\pc\AndroidStudioProjects\CoronaProject\.gradle\5.6.4\fileHashes)" [_thread_blocked, id=24496, stack(0x000000001c660000,0x000000001c760000)]
  0x000000001a188000 JavaThread "Cache worker for journal cache (C:\Users\pc\.gradle\caches\journal-1)" [_thread_blocked, id=8536, stack(0x000000001c460000,0x000000001c560000)]
  0x000000001a187800 JavaThread "File lock request listener" [_thread_in_native, id=19296, stack(0x000000001c360000,0x000000001c460000)]
  0x000000001a0ae800 JavaThread "Cache worker for file hash cache (C:\Users\pc\.gradle\caches\5.6.4\fileHashes)" [_thread_blocked, id=17356, stack(0x000000001c060000,0x000000001c160000)]
  0x000000001a089800 JavaThread "Thread-9" [_thread_blocked, id=24136, stack(0x000000001bf60000,0x000000001c060000)]
  0x000000001a088800 JavaThread "Stdin handler" [_thread_blocked, id=3456, stack(0x000000001be60000,0x000000001bf60000)]
  0x000000001a088000 JavaThread "Asynchronous log dispatcher for DefaultDaemonConnection: socket connection from /127.0.0.1:53976 to /127.0.0.1:53977" [_thread_blocked, id=9364, stack(0x000000001bd60000,0x000000001be60000)]
  0x000000001a07e800 JavaThread "Daemon worker" [_thread_in_vm, id=24628, stack(0x000000001bc60000,0x000000001bd60000)]
  0x000000001a07b800 JavaThread "Cancel handler" [_thread_blocked, id=18444, stack(0x000000001bb60000,0x000000001bc60000)]
  0x0000000019faf800 JavaThread "Handler for socket connection from /127.0.0.1:53976 to /127.0.0.1:53977" [_thread_in_native, id=14240, stack(0x000000001b860000,0x000000001b960000)]
  0x0000000019fad000 JavaThread "Daemon" [_thread_blocked, id=5064, stack(0x000000001b760000,0x000000001b860000)]
  0x0000000019fbc000 JavaThread "Daemon periodic checks" [_thread_blocked, id=13880, stack(0x000000001b660000,0x000000001b760000)]
  0x0000000019fe3000 JavaThread "Incoming local TCP Connector on port 53976" [_thread_in_native, id=17596, stack(0x000000001b3f0000,0x000000001b4f0000)]
  0x0000000019ec2000 JavaThread "Daemon health stats" [_thread_blocked, id=25396, stack(0x000000001adb0000,0x000000001aeb0000)]
  0x0000000017f33000 JavaThread "Service Thread" daemon [_thread_blocked, id=13048, stack(0x0000000018410000,0x0000000018510000)]
  0x0000000017f20800 JavaThread "C1 CompilerThread2" daemon [_thread_in_native, id=23656, stack(0x0000000018310000,0x0000000018410000)]
=>0x00000000166d5000 JavaThread "C2 CompilerThread1" daemon [_thread_in_native, id=24488, stack(0x0000000017e10000,0x0000000017f10000)]
  0x000000001667f800 JavaThread "C2 CompilerThread0" daemon [_thread_in_native, id=15832, stack(0x0000000017d10000,0x0000000017e10000)]
  0x000000001667c800 JavaThread "Attach Listener" daemon [_thread_blocked, id=23144, stack(0x0000000017c10000,0x0000000017d10000)]
  0x000000001667b000 JavaThread "Signal Dispatcher" daemon [_thread_blocked, id=2424, stack(0x0000000017b10000,0x0000000017c10000)]
  0x0000000002d0c800 JavaThread "Finalizer" daemon [_thread_blocked, id=22848, stack(0x00000000178e0000,0x00000000179e0000)]
  0x0000000016669000 JavaThread "Reference Handler" daemon [_thread_blocked, id=19760, stack(0x00000000177e0000,0x00000000178e0000)]
  0x0000000002c0e000 JavaThread "main" [_thread_blocked, id=10848, stack(0x0000000002b00000,0x0000000002c00000)]

Other Threads:
  0x0000000016645800 VMThread [stack: 0x00000000176e0000,0x00000000177e0000] [id=23404]
  0x0000000017f34000 WatcherThread [stack: 0x0000000018510000,0x0000000018610000] [id=14680]

VM state:not at safepoint (normal execution)

VM Mutex/Monitor currently owned by a thread: None

heap address: 0x00000000a0000000, size: 1536 MB, Compressed Oops mode: 32-bit
Narrow klass base: 0x0000000000000000, Narrow klass shift: 3
Compressed class space size: 1073741824 Address: 0x0000000100000000

Heap:
 PSYoungGen      total 194048K, used 90207K [0x00000000e0000000, 0x00000000ee100000, 0x0000000100000000)
  eden space 180736K, 42% used [0x00000000e0000000,0x00000000e4b1f7a8,0x00000000eb080000)
  from space 13312K, 99% used [0x00000000ed400000,0x00000000ee0f8698,0x00000000ee100000)
  to   space 14848K, 0% used [0x00000000ec400000,0x00000000ec400000,0x00000000ed280000)
 ParOldGen       total 129536K, used 18471K [0x00000000a0000000, 0x00000000a7e80000, 0x00000000e0000000)
  object space 129536K, 14% used [0x00000000a0000000,0x00000000a1209c30,0x00000000a7e80000)
 Metaspace       used 50105K, capacity 51668K, committed 52008K, reserved 1093632K
  class space    used 6699K, capacity 7086K, committed 7208K, reserved 1048576K

Card table byte_map: [0x00000000120d0000,0x00000000123e0000] byte_map_base: 0x0000000011bd0000

Marking Bits: (ParMarkBitMap*) 0x000000005f549f30
 Begin Bits: [0x00000000129e0000, 0x00000000141e0000)
 End Bits:   [0x00000000141e0000, 0x00000000159e0000)

Polling page: 0x0000000000d00000

CodeCache: size=245760Kb used=15394Kb max_used=15394Kb free=230365Kb
 bounds [0x0000000002d10000, 0x0000000003c30000, 0x0000000011d10000]
 total_blobs=5163 nmethods=4396 adapters=680
 compilation: enabled

Compilation events (10 events):
Event: 14.291 Thread 0x0000000017f20800 4768       3       com.google.common.collect.ImmutableMap::entrySet (23 bytes)
Event: 14.291 Thread 0x0000000017f20800 nmethod 4768 0x0000000003c1b110 code [0x0000000003c1b280, 0x0000000003c1b528]
Event: 14.304 Thread 0x0000000017f20800 4769       3       com.google.common.collect.RegularImmutableMap$EntrySet::iterator (5 bytes)
Event: 14.305 Thread 0x0000000017f20800 nmethod 4769 0x0000000003c1b5d0 code [0x0000000003c1b7a0, 0x0000000003c1bfc8]
Event: 14.305 Thread 0x0000000017f20800 4770       3       com.google.common.collect.ImmutableMap::entrySet (5 bytes)
Event: 14.305 Thread 0x0000000017f20800 nmethod 4770 0x0000000003c1c450 code [0x0000000003c1c5c0, 0x0000000003c1c7c8]
Event: 14.309 Thread 0x0000000017f20800 4771       3       org.gradle.api.internal.attributes.DefaultImmutableAttributesFactory::mutable (9 bytes)
Event: 14.309 Thread 0x0000000017f20800 nmethod 4771 0x0000000003c1c850 code [0x0000000003c1c9c0, 0x0000000003c1ccb0]
Event: 14.316 Thread 0x0000000017f20800 4772       3       org.gradle.api.internal.attributes.DefaultImmutableAttributesFactory::concat (12 bytes)
Event: 14.317 Thread 0x0000000017f20800 nmethod 4772 0x0000000003c1ce10 code [0x0000000003c1d000, 0x0000000003c1d988]

GC Heap History (10 events):
Event: 7.228 GC heap before
{Heap before GC invocations=6 (full 1):
 PSYoungGen      total 76288K, used 65536K [0x00000000e0000000, 0x00000000e9500000, 0x0000000100000000)
  eden space 65536K, 100% used [0x00000000e0000000,0x00000000e4000000,0x00000000e4000000)
  from space 10752K, 0% used [0x00000000e4a80000,0x00000000e4a80000,0x00000000e5500000)
  to   space 10752K, 0% used [0x00000000e4000000,0x00000000e4000000,0x00000000e4a80000)
 ParOldGen       total 88064K, used 7628K [0x00000000a0000000, 0x00000000a5600000, 0x00000000e0000000)
  object space 88064K, 8% used [0x00000000a0000000,0x00000000a0773170,0x00000000a5600000)
 Metaspace       used 28358K, capacity 28988K, committed 29184K, reserved 1075200K
  class space    used 3872K, capacity 4045K, committed 4096K, reserved 1048576K
Event: 7.235 GC heap after
Heap after GC invocations=6 (full 1):
 PSYoungGen      total 76288K, used 7622K [0x00000000e0000000, 0x00000000e8a00000, 0x0000000100000000)
  eden space 65536K, 0% used [0x00000000e0000000,0x00000000e0000000,0x00000000e4000000)
  from space 10752K, 70% used [0x00000000e4000000,0x00000000e4771878,0x00000000e4a80000)
  to   space 12800K, 0% used [0x00000000e7d80000,0x00000000e7d80000,0x00000000e8a00000)
 ParOldGen       total 88064K, used 7636K [0x00000000a0000000, 0x00000000a5600000, 0x00000000e0000000)
  object space 88064K, 8% used [0x00000000a0000000,0x00000000a0775170,0x00000000a5600000)
 Metaspace       used 28358K, capacity 28988K, committed 29184K, reserved 1075200K
  class space    used 3872K, capacity 4045K, committed 4096K, reserved 1048576K
}
Event: 8.538 GC heap before
{Heap before GC invocations=7 (full 1):
 PSYoungGen      total 76288K, used 73158K [0x00000000e0000000, 0x00000000e8a00000, 0x0000000100000000)
  eden space 65536K, 100% used [0x00000000e0000000,0x00000000e4000000,0x00000000e4000000)
  from space 10752K, 70% used [0x00000000e4000000,0x00000000e4771878,0x00000000e4a80000)
  to   space 12800K, 0% used [0x00000000e7d80000,0x00000000e7d80000,0x00000000e8a00000)
 ParOldGen       total 88064K, used 7636K [0x00000000a0000000, 0x00000000a5600000, 0x00000000e0000000)
  object space 88064K, 8% used [0x00000000a0000000,0x00000000a0775170,0x00000000a5600000)
 Metaspace       used 32209K, capacity 33020K, committed 33280K, reserved 1077248K
  class space    used 4348K, capacity 4588K, committed 4608K, reserved 1048576K
Event: 8.576 GC heap after
Heap after GC invocations=7 (full 1):
 PSYoungGen      total 127488K, used 9135K [0x00000000e0000000, 0x00000000e8980000, 0x0000000100000000)
  eden space 115200K, 0% used [0x00000000e0000000,0x00000000e0000000,0x00000000e7080000)
  from space 12288K, 74% used [0x00000000e7d80000,0x00000000e866bdb0,0x00000000e8980000)
  to   space 12800K, 0% used [0x00000000e7080000,0x00000000e7080000,0x00000000e7d00000)
 ParOldGen       total 88064K, used 7644K [0x00000000a0000000, 0x00000000a5600000, 0x00000000e0000000)
  object space 88064K, 8% used [0x00000000a0000000,0x00000000a0777170,0x00000000a5600000)
 Metaspace       used 32209K, capacity 33020K, committed 33280K, reserved 1077248K
  class space    used 4348K, capacity 4588K, committed 4608K, reserved 1048576K
}
Event: 9.246 GC heap before
{Heap before GC invocations=8 (full 1):
 PSYoungGen      total 127488K, used 65916K [0x00000000e0000000, 0x00000000e8980000, 0x0000000100000000)
  eden space 115200K, 49% used [0x00000000e0000000,0x00000000e3773400,0x00000000e7080000)
  from space 12288K, 74% used [0x00000000e7d80000,0x00000000e866bdb0,0x00000000e8980000)
  to   space 12800K, 0% used [0x00000000e7080000,0x00000000e7080000,0x00000000e7d00000)
 ParOldGen       total 88064K, used 7644K [0x00000000a0000000, 0x00000000a5600000, 0x00000000e0000000)
  object space 88064K, 8% used [0x00000000a0000000,0x00000000a0777170,0x00000000a5600000)
 Metaspace       used 34548K, capacity 35404K, committed 35496K, reserved 1079296K
  class space    used 4749K, capacity 4995K, committed 5032K, reserved 1048576K
Event: 9.275 GC heap after
Heap after GC invocations=8 (full 1):
 PSYoungGen      total 128000K, used 11084K [0x00000000e0000000, 0x00000000ee100000, 0x0000000100000000)
  eden space 115200K, 0% used [0x00000000e0000000,0x00000000e0000000,0x00000000e7080000)
  from space 12800K, 86% used [0x00000000e7080000,0x00000000e7b533d0,0x00000000e7d00000)
  to   space 13312K, 0% used [0x00000000ed400000,0x00000000ed400000,0x00000000ee100000)
 ParOldGen       total 88064K, used 7652K [0x00000000a0000000, 0x00000000a5600000, 0x00000000e0000000)
  object space 88064K, 8% used [0x00000000a0000000,0x00000000a0779170,0x00000000a5600000)
 Metaspace       used 34548K, capacity 35404K, committed 35496K, reserved 1079296K
  class space    used 4749K, capacity 4995K, committed 5032K, reserved 1048576K
}
Event: 9.275 GC heap before
{Heap before GC invocations=9 (full 2):
 PSYoungGen      total 128000K, used 11084K [0x00000000e0000000, 0x00000000ee100000, 0x0000000100000000)
  eden space 115200K, 0% used [0x00000000e0000000,0x00000000e0000000,0x00000000e7080000)
  from space 12800K, 86% used [0x00000000e7080000,0x00000000e7b533d0,0x00000000e7d00000)
  to   space 13312K, 0% used [0x00000000ed400000,0x00000000ed400000,0x00000000ee100000)
 ParOldGen       total 88064K, used 7652K [0x00000000a0000000, 0x00000000a5600000, 0x00000000e0000000)
  object space 88064K, 8% used [0x00000000a0000000,0x00000000a0779170,0x00000000a5600000)
 Metaspace       used 34548K, capacity 35404K, committed 35496K, reserved 1079296K
  class space    used 4749K, capacity 4995K, committed 5032K, reserved 1048576K
Event: 9.381 GC heap after
Heap after GC invocations=9 (full 2):
 PSYoungGen      total 128000K, used 0K [0x00000000e0000000, 0x00000000ee100000, 0x0000000100000000)
  eden space 115200K, 0% used [0x00000000e0000000,0x00000000e0000000,0x00000000e7080000)
  from space 12800K, 0% used [0x00000000e7080000,0x00000000e7080000,0x00000000e7d00000)
  to   space 13312K, 0% used [0x00000000ed400000,0x00000000ed400000,0x00000000ee100000)
 ParOldGen       total 129536K, used 18124K [0x00000000a0000000, 0x00000000a7e80000, 0x00000000e0000000)
  object space 129536K, 13% used [0x00000000a0000000,0x00000000a11b3028,0x00000000a7e80000)
 Metaspace       used 34548K, capacity 35404K, committed 35496K, reserved 1079296K
  class space    used 4749K, capacity 4995K, committed 5032K, reserved 1048576K
}
Event: 12.391 GC heap before
{Heap before GC invocations=10 (full 2):
 PSYoungGen      total 128000K, used 115200K [0x00000000e0000000, 0x00000000ee100000, 0x0000000100000000)
  eden space 115200K, 100% used [0x00000000e0000000,0x00000000e7080000,0x00000000e7080000)
  from space 12800K, 0% used [0x00000000e7080000,0x00000000e7080000,0x00000000e7d00000)
  to   space 13312K, 0% used [0x00000000ed400000,0x00000000ed400000,0x00000000ee100000)
 ParOldGen       total 129536K, used 18124K [0x00000000a0000000, 0x00000000a7e80000, 0x00000000e0000000)
  object space 129536K, 13% used [0x00000000a0000000,0x00000000a11b3028,0x00000000a7e80000)
 Metaspace       used 44468K, capacity 45864K, committed 46120K, reserved 1089536K
  class space    used 6011K, capacity 6317K, committed 6440K, reserved 1048576K
Event: 12.427 GC heap after
Heap after GC invocations=10 (full 2):
 PSYoungGen      total 194048K, used 13281K [0x00000000e0000000, 0x00000000ee100000, 0x0000000100000000)
  eden space 180736K, 0% used [0x00000000e0000000,0x00000000e0000000,0x00000000eb080000)
  from space 13312K, 99% used [0x00000000ed400000,0x00000000ee0f8698,0x00000000ee100000)
  to   space 14848K, 0% used [0x00000000ec400000,0x00000000ec400000,0x00000000ed280000)
 ParOldGen       total 129536K, used 18471K [0x00000000a0000000, 0x00000000a7e80000, 0x00000000e0000000)
  object space 129536K, 14% used [0x00000000a0000000,0x00000000a1209c30,0x00000000a7e80000)
 Metaspace       used 44468K, capacity 45864K, committed 46120K, reserved 1089536K
  class space    used 6011K, capacity 6317K, committed 6440K, reserved 1048576K
}

Deoptimization events (10 events):
Event: 13.100 Thread 0x000000001a07e800 Uncommon trap: reason=unstable_if action=reinterpret pc=0x000000000391fd30 method=org.gradle.internal.reflect.PropertyAccessorType.of(Ljava/lang/reflect/Method;)Lorg/gradle/internal/reflect/PropertyAccessorType; @ 56
Event: 13.451 Thread 0x000000001a07e800 Uncommon trap: reason=speculate_class_check action=maybe_recompile pc=0x0000000003313168 method=com.google.common.collect.AbstractIndexedListIterator.next()Ljava/lang/Object; @ 27
Event: 13.452 Thread 0x000000001a07e800 Uncommon trap: reason=speculate_class_check action=maybe_recompile pc=0x0000000003313168 method=com.google.common.collect.AbstractIndexedListIterator.next()Ljava/lang/Object; @ 27
Event: 13.452 Thread 0x000000001a07e800 Uncommon trap: reason=speculate_class_check action=maybe_recompile pc=0x0000000003313168 method=com.google.common.collect.AbstractIndexedListIterator.next()Ljava/lang/Object; @ 27
Event: 13.452 Thread 0x000000001a07e800 Uncommon trap: reason=speculate_class_check action=maybe_recompile pc=0x0000000003313168 method=com.google.common.collect.AbstractIndexedListIterator.next()Ljava/lang/Object; @ 27
Event: 13.482 Thread 0x000000001a07e800 Uncommon trap: reason=unstable_if action=reinterpret pc=0x0000000003931430 method=org.gradle.internal.instantiation.AbstractClassGenerator$InjectionAnnotationValidator.validateMethod(Ljava/lang/reflect/Method;Lorg/gradle/internal/reflect/PropertyAccessorT
Event: 13.482 Thread 0x000000001a07e800 Uncommon trap: reason=unstable_if action=reinterpret pc=0x0000000003939784 method=org.gradle.internal.instantiation.AbstractClassGenerator$InjectionAnnotationValidator.validateMethod(Ljava/lang/reflect/Method;Lorg/gradle/internal/reflect/PropertyAccessorT
Event: 13.631 Thread 0x000000001a07e800 Uncommon trap: reason=unstable_if action=reinterpret pc=0x0000000003531264 method=java.lang.String.lastIndexOf([CII[CIII)I @ 17
Event: 13.631 Thread 0x000000001a07e800 Uncommon trap: reason=unstable_if action=reinterpret pc=0x00000000034ff074 method=sun.net.www.protocol.jar.Handler.parseURL(Ljava/net/URL;Ljava/lang/String;II)V @ 94
Event: 13.650 Thread 0x000000001a07e800 Uncommon trap: reason=unstable_if action=reinterpret pc=0x00000000039194c0 method=java.util.concurrent.ConcurrentHashMap.putVal(Ljava/lang/Object;Ljava/lang/Object;Z)Ljava/lang/Object; @ 195

Classes redefined (0 events):
No events

Internal exceptions (10 events):
Event: 13.952 Thread 0x000000001a07e800 Exception <a 'java/lang/ClassNotFoundException': org/gradle/api/internal/file/CompositeFileTreeCustomizer> (0x00000000e4152b40) thrown at [D:\src\AOSP-openjdk-cygwin\jdk8u\hotspot\src\share\vm\classfile\systemDictionary.cpp, line 210]
Event: 13.954 Thread 0x000000001a07e800 Exception <a 'java/lang/ClassNotFoundException': org/gradle/api/internal/file/collections/DefaultConfigurableFileTreeCustomizer> (0x00000000e41aa568) thrown at [D:\src\AOSP-openjdk-cygwin\jdk8u\hotspot\src\share\vm\classfile\systemDictionary.cpp, line 210
Event: 13.962 Thread 0x000000001a07e800 Exception <a 'java/lang/ClassNotFoundException': org/gradle/api/plugins/internal/DefaultBasePluginConventionBeanInfo> (0x00000000e4260748) thrown at [D:\src\AOSP-openjdk-cygwin\jdk8u\hotspot\src\share\vm\classfile\systemDictionary.cpp, line 210]
Event: 13.964 Thread 0x000000001a07e800 Exception <a 'java/lang/ClassNotFoundException': org/gradle/api/plugins/BasePluginConventionBeanInfo> (0x00000000e42ab7a0) thrown at [D:\src\AOSP-openjdk-cygwin\jdk8u\hotspot\src\share\vm\classfile\systemDictionary.cpp, line 210]
Event: 13.966 Thread 0x000000001a07e800 Exception <a 'java/lang/ClassNotFoundException': org/gradle/api/plugins/BasePluginConventionCustomizer> (0x00000000e42f7b80) thrown at [D:\src\AOSP-openjdk-cygwin\jdk8u\hotspot\src\share\vm\classfile\systemDictionary.cpp, line 210]
Event: 13.968 Thread 0x000000001a07e800 Exception <a 'java/lang/ClassNotFoundException': org/gradle/api/plugins/internal/DefaultBasePluginConventionCustomizer> (0x00000000e4364b90) thrown at [D:\src\AOSP-openjdk-cygwin\jdk8u\hotspot\src\share\vm\classfile\systemDictionary.cpp, line 210]
Event: 13.972 Thread 0x000000001a07e800 Exception <a 'java/lang/ClassNotFoundException': org/gradle/api/plugins/internal/DefaultJavaPluginConventionBeanInfo> (0x00000000e440bec8) thrown at [D:\src\AOSP-openjdk-cygwin\jdk8u\hotspot\src\share\vm\classfile\systemDictionary.cpp, line 210]
Event: 13.984 Thread 0x000000001a07e800 Exception <a 'java/lang/ClassNotFoundException': org/gradle/api/plugins/JavaPluginConventionBeanInfo> (0x00000000e4456ed8) thrown at [D:\src\AOSP-openjdk-cygwin\jdk8u\hotspot\src\share\vm\classfile\systemDictionary.cpp, line 210]
Event: 13.988 Thread 0x000000001a07e800 Exception <a 'java/lang/ClassNotFoundException': org/gradle/api/plugins/JavaPluginConventionCustomizer> (0x00000000e44a32b8) thrown at [D:\src\AOSP-openjdk-cygwin\jdk8u\hotspot\src\share\vm\classfile\systemDictionary.cpp, line 210]
Event: 13.990 Thread 0x000000001a07e800 Exception <a 'java/lang/ClassNotFoundException': org/gradle/api/plugins/internal/DefaultJavaPluginConventionCustomizer> (0x00000000e451c290) thrown at [D:\src\AOSP-openjdk-cygwin\jdk8u\hotspot\src\share\vm\classfile\systemDictionary.cpp, line 210]

Events (10 events):
Event: 14.221 loading class com/android/build/gradle/internal/VariantManager
Event: 14.221 loading class com/android/build/gradle/internal/VariantManager done
Event: 14.266 loading class com/android/build/gradle/internal/dependency/AarTransform
Event: 14.266 loading class com/android/build/gradle/internal/dependency/AarTransform done
Event: 14.267 loading class com/android/build/gradle/internal/publishing/AndroidArtifacts$ArtifactType
Event: 14.267 loading class com/android/build/gradle/internal/publishing/AndroidArtifacts$ArtifactType done
Event: 14.268 loading class com/android/build/gradle/internal/VariantManager
Event: 14.268 loading class com/android/build/gradle/internal/VariantManager done
Event: 14.273 loading class com/android/build/gradle/internal/dependency/AarTransform$Parameters
Event: 14.273 loading class com/android/build/gradle/internal/dependency/AarTransform$Parameters done


Dynamic libraries:
0x00007ff705420000 - 0x00007ff705451000 	C:\Program Files\Android\Android Studio\jre\bin\java.exe
0x00007ffd6e5a0000 - 0x00007ffd6e790000 	C:\WINDOWS\SYSTEM32\ntdll.dll
0x00007ffd6dd80000 - 0x00007ffd6de32000 	C:\WINDOWS\System32\KERNEL32.DLL
0x00007ffd6bae0000 - 0x00007ffd6bd83000 	C:\WINDOWS\System32\KERNELBASE.dll
0x00007ffd6d8b0000 - 0x00007ffd6d953000 	C:\WINDOWS\System32\ADVAPI32.dll
0x00007ffd6daf0000 - 0x00007ffd6db8e000 	C:\WINDOWS\System32\msvcrt.dll
0x00007ffd6d9d0000 - 0x00007ffd6da67000 	C:\WINDOWS\System32\sechost.dll
0x00007ffd6cd20000 - 0x00007ffd6ce40000 	C:\WINDOWS\System32\RPCRT4.dll
0x00007ffd6c620000 - 0x00007ffd6c7b4000 	C:\WINDOWS\System32\USER32.dll
0x00007ffd6b500000 - 0x00007ffd6b521000 	C:\WINDOWS\System32\win32u.dll
0x00007ffd6db90000 - 0x00007ffd6dbb6000 	C:\WINDOWS\System32\GDI32.dll
0x00007ffd6b840000 - 0x00007ffd6b9d4000 	C:\WINDOWS\System32\gdi32full.dll
0x00007ffd6c580000 - 0x00007ffd6c61e000 	C:\WINDOWS\System32\msvcp_win.dll
0x00007ffd6b9e0000 - 0x00007ffd6bada000 	C:\WINDOWS\System32\ucrtbase.dll
0x00007ffd4e850000 - 0x00007ffd4ead5000 	C:\WINDOWS\WinSxS\amd64_microsoft.windows.common-controls_6595b64144ccf1df_6.0.18362.657_none_e6c5b579130e3898\COMCTL32.dll
0x00007ffd6d100000 - 0x00007ffd6d436000 	C:\WINDOWS\System32\combase.dll
0x00007ffd6b7c0000 - 0x00007ffd6b840000 	C:\WINDOWS\System32\bcryptPrimitives.dll
0x00007ffd6c890000 - 0x00007ffd6c8be000 	C:\WINDOWS\System32\IMM32.DLL
0x000000005f980000 - 0x000000005fa52000 	C:\Program Files\Android\Android Studio\jre\jre\bin\msvcr100.dll
0x000000005ed80000 - 0x000000005f5c6000 	C:\Program Files\Android\Android Studio\jre\jre\bin\server\jvm.dll
0x00007ffd6cf10000 - 0x00007ffd6cf18000 	C:\WINDOWS\System32\PSAPI.DLL
0x00007ffd63ca0000 - 0x00007ffd63caa000 	C:\WINDOWS\SYSTEM32\VERSION.dll
0x00007ffd5b6f0000 - 0x00007ffd5b714000 	C:\WINDOWS\SYSTEM32\WINMM.dll
0x00007ffd5b470000 - 0x00007ffd5b49d000 	C:\WINDOWS\SYSTEM32\WINMMBASE.dll
0x00007ffd5e770000 - 0x00007ffd5e779000 	C:\WINDOWS\SYSTEM32\WSOCK32.dll
0x00007ffd6bdb0000 - 0x00007ffd6bdfa000 	C:\WINDOWS\System32\cfgmgr32.dll
0x00007ffd6d080000 - 0x00007ffd6d0ef000 	C:\WINDOWS\System32\WS2_32.dll
0x00007ffd63220000 - 0x00007ffd6322f000 	C:\Program Files\Android\Android Studio\jre\jre\bin\verify.dll
0x00007ffd496e0000 - 0x00007ffd49709000 	C:\Program Files\Android\Android Studio\jre\jre\bin\java.dll
0x00007ffd4c8b0000 - 0x00007ffd4c8c6000 	C:\Program Files\Android\Android Studio\jre\jre\bin\zip.dll
0x00007ffd6de40000 - 0x00007ffd6e525000 	C:\WINDOWS\System32\SHELL32.dll
0x00007ffd6c8c0000 - 0x00007ffd6c969000 	C:\WINDOWS\System32\shcore.dll
0x00007ffd6be00000 - 0x00007ffd6c57f000 	C:\WINDOWS\System32\windows.storage.dll
0x00007ffd6b4e0000 - 0x00007ffd6b4ff000 	C:\WINDOWS\System32\profapi.dll
0x00007ffd6b470000 - 0x00007ffd6b4ba000 	C:\WINDOWS\System32\powrprof.dll
0x00007ffd6b440000 - 0x00007ffd6b450000 	C:\WINDOWS\System32\UMPDC.dll
0x00007ffd6ccc0000 - 0x00007ffd6cd12000 	C:\WINDOWS\System32\shlwapi.dll
0x00007ffd6b4c0000 - 0x00007ffd6b4d1000 	C:\WINDOWS\System32\kernel.appcore.dll
0x00007ffd6bd90000 - 0x00007ffd6bda7000 	C:\WINDOWS\System32\cryptsp.dll
0x00007ffd47b60000 - 0x00007ffd47b7a000 	C:\Program Files\Android\Android Studio\jre\jre\bin\net.dll
0x00007ffd5b500000 - 0x00007ffd5b6d6000 	C:\WINDOWS\SYSTEM32\urlmon.dll
0x00007ffd58810000 - 0x00007ffd58ab6000 	C:\WINDOWS\SYSTEM32\iertutil.dll
0x00007ffd6ae20000 - 0x00007ffd6ae2c000 	C:\WINDOWS\SYSTEM32\CRYPTBASE.DLL
0x00007ffd6ac50000 - 0x00007ffd6acb7000 	C:\WINDOWS\system32\mswsock.dll
0x00007ffd46130000 - 0x00007ffd46143000 	C:\Program Files\Android\Android Studio\jre\jre\bin\nio.dll
0x00007ffd46970000 - 0x00007ffd46996000 	C:\Users\pc\.gradle\native\30\windows-amd64\native-platform.dll
0x00007ffd62e70000 - 0x00007ffd62e7d000 	C:\Program Files\Android\Android Studio\jre\jre\bin\management.dll
0x00007ffd6a7c0000 - 0x00007ffd6a7f3000 	C:\WINDOWS\system32\rsaenh.dll
0x00007ffd6b790000 - 0x00007ffd6b7b6000 	C:\WINDOWS\System32\bcrypt.dll
0x00007ffd6b360000 - 0x00007ffd6b385000 	C:\WINDOWS\SYSTEM32\USERENV.dll
0x00007ffd6a960000 - 0x00007ffd6a99a000 	C:\WINDOWS\SYSTEM32\IPHLPAPI.DLL
0x00007ffd6d0f0000 - 0x00007ffd6d0f8000 	C:\WINDOWS\System32\NSI.dll
0x00007ffd60ca0000 - 0x00007ffd60cb6000 	C:\WINDOWS\SYSTEM32\dhcpcsvc6.DLL
0x00007ffd60c50000 - 0x00007ffd60c6c000 	C:\WINDOWS\SYSTEM32\dhcpcsvc.DLL
0x00007ffd6a9a0000 - 0x00007ffd6aa6a000 	C:\WINDOWS\SYSTEM32\DNSAPI.dll

VM Arguments:
jvm_args: -Xmx1536m -Dfile.encoding=windows-1252 -Duser.country=FR -Duser.language=fr -Duser.variant 
java_command: org.gradle.launcher.daemon.bootstrap.GradleDaemon 5.6.4
java_class_path (initial): C:\Users\pc\.gradle\wrapper\dists\gradle-5.6.4-all\ankdp27end7byghfw1q2sw75f\gradle-5.6.4\lib\gradle-launcher-5.6.4.jar
Launcher Type: SUN_STANDARD

Environment Variables:
JAVA_HOME=C:\Program Files\Java\jdk1.8.0_161
JRE_HOME=C:\Program Files\Java\jre-9.0.4
PATH=C:\Program Files (x86)\Common Files\Intel\Shared Libraries\redist\intel64\compiler;C:\WINDOWS\system32;C:\WINDOWS;C:\WINDOWS\System32\Wbem;C:\WINDOWS\System32\WindowsPowerShell\v1.0\;C:\Program Files\dotnet\;C:\Program Files\Microsoft SQL Server\130\Tools\Binn\;C:\WINDOWS\System32\OpenSSH\;C:\Program Files\Microsoft Network Monitor 3\;C:\MinGW\bin;C:\Program Files (x86)\GnuWin32\bin;C:\Program Files\Java\jdk1.8.0_161;C:\Program Files\Java\jdk1.8.0_161\bin;D:\sonar-scanner-4.2.0.1873-windows\bin;D:\gradle-6.0.1\bin;D:\javacc-5.0\bin;D:\Git\cmd;C:\Users\pc\AppData\Local\Programs\Python\Python37\Scripts\;C:\Users\pc\AppData\Local\Programs\Python\Python37\;C:\Program Files\MySQL\MySQL Shell 8.0\bin\;C:\MinGW\bin;C:\Program Files (x86)\GnuWin32\bin;C:\Flex Windows\gcc\bin;C:\Flex Windows\Lex\bin;C:\Flex Windows\bison\bin;C:\Users\pc\AppData\Local\atom\bin;C:\Users\pc\AppData\Roaming\npm;C:\Users\pc\AppData\Local\Microsoft\WindowsApps;D:\javacc-5.0\bin;C:\Program Files\JetBrains\IntelliJ IDEA Community Edition 2019.2.3\bin;;C:\Program Files\Java\jdk1.8.0_161\bin;
USERNAME=pc
OS=Windows_NT
PROCESSOR_IDENTIFIER=Intel64 Family 6 Model 78 Stepping 3, GenuineIntel



---------------  S Y S T E M  ---------------

OS: Windows 10.0 , 64 bit Build 18362 (10.0.18362.329)

CPU:total 4 (initial active 4) (2 cores per cpu, 2 threads per core) family 6 model 78 stepping 3, cmov, cx8, fxsr, mmx, sse, sse2, sse3, ssse3, sse4.1, sse4.2, popcnt, avx, avx2, aes, clmul, erms, rtm, 3dnowpref, lzcnt, ht, tsc, tscinvbit, bmi1, bmi2, adx

Memory: 4k page, physical 16654944k(2966320k free), swap 20935580k(5300k free)

vm_info: OpenJDK 64-Bit Server VM (25.212-b04) for windows-amd64 JRE (1.8.0_212-release-1586-b04), built by "builder" with MS VC++ 10.0 (VS2010)

time: Sun Mar 29 22:18:26 2020
timezone: Afr. centrale Ouest
elapsed time: 14 seconds (0d 0h 0m 14s)

